{
  "0 debug pnpm:scope": {
    "selected": 1
  },
  "1 error pnpm": {
    "code": "ELIFECYCLE",
    "errno": "ENOENT",
    "syscall": "spawn",
    "file": "sh",
    "pkgid": "nissetech@0.0.1",
    "stage": "dev",
    "script": "svelte-kit dev --host",
    "pkgname": "nissetech",
    "err": {
      "name": "pnpm",
      "message": "nissetech@0.0.1 dev: `svelte-kit dev --host`\nspawn ENOENT",
      "code": "ELIFECYCLE",
      "stack": "pnpm: nissetech@0.0.1 dev: `svelte-kit dev --host`\nspawn ENOENT\n    at ChildProcess.<anonymous> (/Users/nilskjellman/.nvm/versions/node/v16.13.2/lib/node_modules/pnpm/dist/pnpm.cjs:91976:22)\n    at ChildProcess.emit (node:events:526:28)\n    at maybeClose (node:internal/child_process:1092:16)\n    at Process.ChildProcess._handle.onexit (node:internal/child_process:302:5)"
    }
  },
  "2 warn pnpm:global": " Local package.json exists, but node_modules missing, did you mean to install?"
}